<?xml version="1.0" encoding="UTF-8"?>
<!-- Generated by org.testng.reporters.JUnitReportReporter -->
<testsuite hostname="LAPTOP-C34I4R69" failures="0" tests="3" name="RunnerForCalculator" time="0.145" errors="0" timestamp="2023-02-27T21:15:41 PST" skipped="0">
  <testcase classname="RunnerForCalculator" name="runScenario" time="0.007"/>
  <system-out/>
  <testcase classname="RunnerForCalculator" name="runScenario" time="0.131"/>
  <system-out/>
  <testcase classname="RunnerForCalculator" name="runScenario" time="0.007"/>
  <system-out/>
</testsuite> <!-- RunnerForCalculator -->
