<?xml version="1.0" encoding="UTF-8"?>
<!-- Generated by org.testng.reporters.JUnitReportReporter -->
<testsuite hostname="LAPTOP-C34I4R69" failures="0" tests="2" name="com.runners.RunnerForCalculator" time="0.160" errors="0" timestamp="2023-02-28T20:34:01 PST" skipped="0">
  <testcase classname="com.runners.RunnerForCalculator" name="runScenario" time="0.146"/>
  <system-out/>
  <testcase classname="com.runners.RunnerForCalculator" name="runScenario" time="0.014"/>
  <system-out/>
</testsuite> <!-- com.runners.RunnerForCalculator -->
