<?xml version="1.0" encoding="UTF-8"?>
<!-- Generated by org.testng.reporters.JUnitReportReporter -->
<testsuite hostname="LAPTOP-C34I4R69" failures="0" tests="2" name="com.runners.RunnerForFireBase" time="31.397" errors="0" timestamp="2023-02-28T21:07:31 PST" skipped="0">
  <testcase classname="com.runners.RunnerForFireBase" name="runScenario" time="12.014"/>
  <system-out/>
  <testcase classname="com.runners.RunnerForFireBase" name="runScenario" time="19.383"/>
  <system-out/>
</testsuite> <!-- com.runners.RunnerForFireBase -->
