<?xml version="1.0" encoding="UTF-8"?>
<!-- Generated by org.testng.reporters.JUnitReportReporter -->
<testsuite hostname="LAPTOP-C34I4R69" failures="0" tests="2" name="com.runners.RunnerForFireBase" time="30.661" errors="0" timestamp="2023-03-01T19:39:24 PST" skipped="0">
  <testcase classname="com.runners.RunnerForFireBase" name="runScenario" time="11.804"/>
  <system-out/>
  <testcase classname="com.runners.RunnerForFireBase" name="runScenario" time="18.857"/>
  <system-out/>
</testsuite> <!-- com.runners.RunnerForFireBase -->
